[2019-06-12 14:39:17] [main] INFO  o.s.c.s.PostProcessorRegistrationDelegate$BeanPostProcessorChecker - Bean 'org.springframework.retry.annotation.RetryConfiguration' of type [org.springframework.retry.annotation.RetryConfiguration$$EnhancerBySpringCGLIB$$767021bd] is not eligible for getting processed by all BeanPostProcessors (for example: not eligible for auto-proxying)
[2019-06-12 14:39:17] [main] INFO  o.s.c.s.PostProcessorRegistrationDelegate$BeanPostProcessorChecker - Bean 'configurationPropertiesRebinderAutoConfiguration' of type [org.springframework.cloud.autoconfigure.ConfigurationPropertiesRebinderAutoConfiguration$$EnhancerBySpringCGLIB$$9cc68c95] is not eligible for getting processed by all BeanPostProcessors (for example: not eligible for auto-proxying)
[2019-06-12 14:39:24] [main] INFO  o.s.c.c.s.e.NativeEnvironmentRepository - Adding property source: file:/C:/Users/liguo/AppData/Local/Temp/config-repo-4139786240971126074/Application.yml
[2019-06-12 14:39:24] [main] INFO  o.s.c.c.s.e.NativeEnvironmentRepository - Adding property source: file:/C:/Users/liguo/AppData/Local/Temp/config-repo-4139786240971126074/application.yml
[2019-06-12 14:39:24] [main] INFO  o.s.c.b.c.PropertySourceBootstrapConfiguration - Located property source: CompositePropertySource {name='configService', propertySources=[MapPropertySource {name='https://github.com/Romeh/config.git/Application.yml'}, MapPropertySource {name='https://github.com/Romeh/config.git/application.yml'}]}
[2019-06-12 14:39:24] [main] INFO  com.hummer.api.Application - No active profile set, falling back to default profiles: LOCAL
[2019-06-12 14:39:25] [main] INFO  o.s.d.r.c.RepositoryConfigurationDelegate - Bootstrapping Spring Data repositories in DEFAULT mode.
[2019-06-12 14:39:25] [main] INFO  o.s.d.r.c.RepositoryConfigurationDelegate - Finished Spring Data repository scanning in 72ms. Found 1 repository interfaces.
[2019-06-12 14:39:25] [main] INFO  o.s.cloud.context.scope.GenericScope - BeanFactory id=f7649bc9-8c45-3fa4-9f84-4fd24633ae27
[2019-06-12 14:39:25] [main] INFO  o.s.c.s.PostProcessorRegistrationDelegate$BeanPostProcessorChecker - Bean 'org.springframework.retry.annotation.RetryConfiguration' of type [org.springframework.retry.annotation.RetryConfiguration$$EnhancerBySpringCGLIB$$767021bd] is not eligible for getting processed by all BeanPostProcessors (for example: not eligible for auto-proxying)
[2019-06-12 14:39:25] [main] INFO  o.s.c.s.PostProcessorRegistrationDelegate$BeanPostProcessorChecker - Bean 'org.springframework.transaction.annotation.ProxyTransactionManagementConfiguration' of type [org.springframework.transaction.annotation.ProxyTransactionManagementConfiguration$$EnhancerBySpringCGLIB$$80ac8998] is not eligible for getting processed by all BeanPostProcessors (for example: not eligible for auto-proxying)
[2019-06-12 14:39:25] [main] INFO  o.s.c.s.PostProcessorRegistrationDelegate$BeanPostProcessorChecker - Bean 'org.springframework.cloud.autoconfigure.ConfigurationPropertiesRebinderAutoConfiguration' of type [org.springframework.cloud.autoconfigure.ConfigurationPropertiesRebinderAutoConfiguration$$EnhancerBySpringCGLIB$$9cc68c95] is not eligible for getting processed by all BeanPostProcessors (for example: not eligible for auto-proxying)
[2019-06-12 14:39:26] [main] INFO  o.s.b.w.e.tomcat.TomcatWebServer - Tomcat initialized with port(s): 8080 (http)
[2019-06-12 14:39:26] [main] INFO  o.a.coyote.http11.Http11NioProtocol - Initializing ProtocolHandler ["http-nio-8080"]
[2019-06-12 14:39:26] [main] INFO  o.a.catalina.core.StandardService - Starting service [Tomcat]
[2019-06-12 14:39:26] [main] INFO  o.a.catalina.core.StandardEngine - Starting Servlet Engine: Apache Tomcat/9.0.12
[2019-06-12 14:39:26] [main] INFO  o.a.c.core.AprLifecycleListener - The APR based Apache Tomcat Native library which allows optimal performance in production environments was not found on the java.library.path: [F:\Program Files\Java\jdk1.8.0_131\bin;C:\WINDOWS\Sun\Java\bin;C:\WINDOWS\system32;C:\WINDOWS;C:\WINDOWS\system32;C:\WINDOWS;C:\WINDOWS\System32\Wbem;C:\WINDOWS\System32\WindowsPowerShell\v1.0\;C:\Program Files (x86)\Interactive Intelligence\ININ Trace Initialization\;C:\Program Files (x86)\Interactive Intelligence\ICUserApps\;C:\Program Files\Interactive Intelligence\ICUserApps\;F:\Program Files\Java\jdk1.8.0_131\bin;F:\Program Files\Java\jdk1.8.0_131\jre\bin;F:\Program Files\apache-maven-3.5.0\bin;F:\Program Files (x86)\sbt\bin;F:\Program Files (x86)\scala\bin;C:\WINDOWS\System32\OpenSSH\;F:\Program Files\gradle-4.10.3\bin;F:\Program Files\PuTTY\;C:\Users\liguo\AppData\Local\Microsoft\WindowsApps;;F:\Program Files\Microsoft VS Code\bin;F:\Program Files\JetBrains\IntelliJ IDEA 2018.3\bin;;.]
[2019-06-12 14:39:26] [main] INFO  o.a.c.c.C.[Tomcat].[localhost].[/] - Initializing Spring embedded WebApplicationContext
[2019-06-12 14:39:26] [main] INFO  o.s.web.context.ContextLoader - Root WebApplicationContext: initialization completed in 2045 ms
[2019-06-12 14:39:26] [main] INFO  o.s.j.d.e.EmbeddedDatabaseFactory - Starting embedded database: url='jdbc:h2:mem:testdb;DB_CLOSE_DELAY=-1;DB_CLOSE_ON_EXIT=false', username='sa'
[2019-06-12 14:39:26] [main] INFO  o.s.b.w.s.FilterRegistrationBean - Mapping filter: 'characterEncodingFilter' to: [/*]
[2019-06-12 14:39:26] [main] INFO  o.s.b.w.s.FilterRegistrationBean - Mapping filter: 'webMvcMetricsFilter' to: [/*]
[2019-06-12 14:39:26] [main] INFO  o.s.b.w.s.FilterRegistrationBean - Mapping filter: 'hiddenHttpMethodFilter' to: [/*]
[2019-06-12 14:39:26] [main] INFO  o.s.b.w.s.FilterRegistrationBean - Mapping filter: 'formContentFilter' to: [/*]
[2019-06-12 14:39:26] [main] INFO  o.s.b.w.s.FilterRegistrationBean - Mapping filter: 'requestContextFilter' to: [/*]
[2019-06-12 14:39:26] [main] INFO  o.s.b.w.s.FilterRegistrationBean - Mapping filter: 'httpTraceFilter' to: [/*]
[2019-06-12 14:39:26] [main] INFO  o.s.b.w.s.ServletRegistrationBean - Servlet dispatcherServlet mapped to [/]
[2019-06-12 14:39:27] [main] INFO  o.h.jpa.internal.util.LogHelper - HHH000204: Processing PersistenceUnitInfo [
	name: default
	...]
[2019-06-12 14:39:27] [main] INFO  org.hibernate.Version - HHH000412: Hibernate Core {5.3.7.Final}
[2019-06-12 14:39:27] [main] INFO  org.hibernate.cfg.Environment - HHH000206: hibernate.properties not found
[2019-06-12 14:39:27] [main] INFO  o.h.annotations.common.Version - HCANN000001: Hibernate Commons Annotations {5.0.4.Final}
[2019-06-12 14:39:27] [main] INFO  org.hibernate.dialect.Dialect - HHH000400: Using dialect: org.hibernate.dialect.H2Dialect
[2019-06-12 14:39:28] [main] INFO  o.s.o.j.LocalContainerEntityManagerFactoryBean - Initialized JPA EntityManagerFactory for persistence unit 'default'
[2019-06-12 14:39:29] [main] WARN  o.s.b.a.o.j.JpaBaseConfiguration$JpaWebConfiguration$JpaWebMvcConfiguration - spring.jpa.open-in-view is enabled by default. Therefore, database queries may be performed during view rendering. Explicitly configure spring.jpa.open-in-view to disable this warning
[2019-06-12 14:39:29] [main] INFO  o.s.b.a.e.web.EndpointLinksResolver - Exposing 2 endpoint(s) beneath base path '/actuator'
[2019-06-12 14:39:29] [main] INFO  s.d.s.w.PropertySourcedRequestMappingHandlerMapping - Mapped URL path [/v2/api-docs] onto method [public org.springframework.http.ResponseEntity<springfox.documentation.spring.web.json.Json> springfox.documentation.swagger2.web.Swagger2Controller.getDocumentation(java.lang.String,javax.servlet.http.HttpServletRequest)]
[2019-06-12 14:39:29] [main] INFO  o.s.s.c.ThreadPoolTaskExecutor - Initializing ExecutorService 'applicationTaskExecutor'
[2019-06-12 14:39:29] [main] INFO  o.s.s.c.ThreadPoolTaskScheduler - Initializing ExecutorService 'taskScheduler'
[2019-06-12 14:39:30] [main] INFO  s.d.s.w.p.DocumentationPluginsBootstrapper - Context refreshed
[2019-06-12 14:39:30] [main] INFO  s.d.s.w.p.DocumentationPluginsBootstrapper - Found 1 custom documentation plugin(s)
[2019-06-12 14:39:30] [main] INFO  s.d.s.w.s.ApiListingReferenceScanner - Scanning for api listing references
[2019-06-12 14:39:30] [main] INFO  s.d.s.w.r.o.CachingOperationNameGenerator - Generating unique operation named: handleUsingGET_1
[2019-06-12 14:39:30] [main] INFO  s.d.s.w.r.o.CachingOperationNameGenerator - Generating unique operation named: handleUsingGET_2
[2019-06-12 14:39:30] [main] INFO  s.d.s.w.r.o.CachingOperationNameGenerator - Generating unique operation named: handleUsingGET_3
[2019-06-12 14:39:30] [main] INFO  o.a.coyote.http11.Http11NioProtocol - Starting ProtocolHandler ["http-nio-8080"]
[2019-06-12 14:39:30] [main] INFO  o.a.tomcat.util.net.NioSelectorPool - Using a shared selector for servlet write/read
[2019-06-12 14:39:30] [main] INFO  o.s.b.w.e.tomcat.TomcatWebServer - Tomcat started on port(s): 8080 (http) with context path ''
[2019-06-12 14:39:30] [main] INFO  com.hummer.api.Application - Started Application in 15.608 seconds (JVM running for 19.37)
[2019-06-12 14:39:30] [RMI TCP Connection(4)-127.0.0.1] INFO  o.a.c.c.C.[Tomcat].[localhost].[/] - Initializing Spring DispatcherServlet 'dispatcherServlet'
[2019-06-12 14:39:30] [RMI TCP Connection(4)-127.0.0.1] INFO  o.s.web.servlet.DispatcherServlet - Initializing Servlet 'dispatcherServlet'
[2019-06-12 14:39:30] [RMI TCP Connection(4)-127.0.0.1] INFO  o.s.web.servlet.DispatcherServlet - Completed initialization in 12 ms
